<?xml version="1.0" encoding="UTF-8"?><testrun name="FacebookJUnitExample" project="junitWebDriver" tests="1" started="1" failures="1" errors="0" ignored="0">
  <testsuite name="facebook.FacebookJUnitExample" time="16.463">
    <testsuite name="testFacebookLogin" time="16.463">
      <testcase name="[0] chrome,http://facebook.com,zgtvtddtip_1531850905@tfbnw.net,xideral2018,Charmin Romero (testFacebookLogin)" classname="facebook.FacebookJUnitExample" time="16.463">
        <failure>java.lang.AssertionError: expected:&lt;Ullrich Albgcgfhaiijhgg Dingleman&gt; but was:&lt;[[ChromeDriver: chrome on XP (073c879af49f86b103017b0aec896b55)] -&gt; xpath: //div[@class='tagWrapper']]&gt;&#13;
	at org.junit.Assert.fail(Assert.java:88)&#13;
	at org.junit.Assert.failNotEquals(Assert.java:834)&#13;
	at org.junit.Assert.assertEquals(Assert.java:118)&#13;
	at org.junit.Assert.assertEquals(Assert.java:144)&#13;
	at facebook.FacebookBaseTest.valitedTag(FacebookBaseTest.java:39)&#13;
	at facebook.FacebookJUnitExample.testFacebookLogin(FacebookJUnitExample.java:25)&#13;
	at sun.reflect.NativeMethodAccessorImpl.invoke0(Native Method)&#13;
	at sun.reflect.NativeMethodAccessorImpl.invoke(Unknown Source)&#13;
	at sun.reflect.DelegatingMethodAccessorImpl.invoke(Unknown Source)&#13;
	at java.lang.reflect.Method.invoke(Unknown Source)&#13;
	at org.junit.runners.model.FrameworkMethod$1.runReflectiveCall(FrameworkMethod.java:50)&#13;
	at org.junit.internal.runners.model.ReflectiveCallable.run(ReflectiveCallable.java:12)&#13;
	at org.junit.runners.model.FrameworkMethod.invokeExplosively(FrameworkMethod.java:47)&#13;
	at junitparams.internal.InvokeParameterisedMethod.evaluate(InvokeParameterisedMethod.java:211)&#13;
	at org.junit.internal.runners.statements.RunAfters.evaluate(RunAfters.java:27)&#13;
	at junitparams.internal.ParameterisedTestMethodRunner.runMethodInvoker(ParameterisedTestMethodRunner.java:47)&#13;
	at junitparams.internal.ParameterisedTestMethodRunner.runTestMethod(ParameterisedTestMethodRunner.java:40)&#13;
	at junitparams.internal.ParameterisedTestClassRunner.runParameterisedTest(ParameterisedTestClassRunner.java:147)&#13;
	at junitparams.JUnitParamsRunner.runChild(JUnitParamsRunner.java:414)&#13;
	at junitparams.JUnitParamsRunner.runChild(JUnitParamsRunner.java:385)&#13;
	at org.junit.runners.ParentRunner$3.run(ParentRunner.java:290)&#13;
	at org.junit.runners.ParentRunner$1.schedule(ParentRunner.java:71)&#13;
	at org.junit.runners.ParentRunner.runChildren(ParentRunner.java:288)&#13;
	at org.junit.runners.ParentRunner.access$000(ParentRunner.java:58)&#13;
	at org.junit.runners.ParentRunner$2.evaluate(ParentRunner.java:268)&#13;
	at org.junit.runners.ParentRunner.run(ParentRunner.java:363)&#13;
	at org.eclipse.jdt.internal.junit4.runner.JUnit4TestReference.run(JUnit4TestReference.java:86)&#13;
	at org.eclipse.jdt.internal.junit.runner.TestExecution.run(TestExecution.java:38)&#13;
	at org.eclipse.jdt.internal.junit.runner.RemoteTestRunner.runTests(RemoteTestRunner.java:538)&#13;
	at org.eclipse.jdt.internal.junit.runner.RemoteTestRunner.runTests(RemoteTestRunner.java:760)&#13;
	at org.eclipse.jdt.internal.junit.runner.RemoteTestRunner.run(RemoteTestRunner.java:460)&#13;
	at org.eclipse.jdt.internal.junit.runner.RemoteTestRunner.main(RemoteTestRunner.java:206)&#13;
&#13;
</failure>
      </testcase>
    </testsuite>
  </testsuite>
</testrun>
